Arguments: 
  /usr/local/Cellar/node/17.4.0/bin/node /usr/local/Cellar/yarn/1.22.17_2/libexec/bin/yarn.js publish

PATH: 
  /Users/warrick/.composer/vendor/bin:/Users/warrickbayman/flutter/bin:/Users/warrickbayman/.composer/vendor/bin:/Users/warrickbayman/.fig/bin:/Users/warrick/.fig/bin:/usr/local/bin:/usr/bin:/bin:/usr/sbin:/sbin

Yarn version: 
  1.22.17

Node version: 
  17.4.0

Platform: 
  darwin x64

Trace: 
  Error: canceled
      at Interface.<anonymous> (/usr/local/Cellar/yarn/1.22.17_2/libexec/lib/cli.js:137143:13)
      at Interface.emit (node:events:520:28)
      at Interface.[_ttyWrite] [as _ttyWrite] (node:internal/readline/interface:973:18)
      at ReadStream.onkeypress (node:internal/readline/interface:240:20)
      at ReadStream.emit (node:events:520:28)
      at emitKeys (node:internal/readline/utils:358:14)
      at emitKeys.next (<anonymous>)
      at ReadStream.onData (node:internal/readline/emitKeypressEvents:64:36)
      at ReadStream.emit (node:events:520:28)
      at addChunk (node:internal/streams/readable:324:12)

npm manifest: 
  {
    "scripts": {
      "build": "tsc"
    },
    "name": "@tpg/inuminate",
    "version": "1.0.0",
    "description": "Inuminate JavaScript tracker",
    "main": "index.js",
    "repository": "git@github.com:tpg/inuminate.git",
    "author": "THEPUBLICGOOD <makers@thepublicgood.dev>",
    "license": "MIT",
    "private": false,
    "dependencies": {
      "typescript": "^4.5.5"
    }
  }

yarn manifest: 
  No manifest

Lockfile: 
  # THIS IS AN AUTOGENERATED FILE. DO NOT EDIT THIS FILE DIRECTLY.
  # yarn lockfile v1
  
  
  typescript@^4.5.5:
    version "4.5.5"
    resolved "https://registry.yarnpkg.com/typescript/-/typescript-4.5.5.tgz#d8c953832d28924a9e3d37c73d729c846c5896f3"
    integrity sha512-TCTIul70LyWe6IJWT8QSYeA54WQe8EjQFU4wY52Fasj5UKx88LNYKCgBEHcOMOrFF1rKGbD8v/xcNWVUq9SymA==
